<?xml version="1.0" encoding="UTF-8"?>
<!-- Generated by org.testng.reporters.JUnitReportReporter -->
<testsuite hostname="ojt7-PC" name="Stockaccounting_hybrid_mvn_82.Stockaccounting_hybrid_mvn_82.AppTest" tests="1" failures="0" timestamp="20 Feb 2020 05:06:01 GMT" time="21.983" errors="0">
  <testcase name="f" time="21.983" classname="Stockaccounting_hybrid_mvn_82.Stockaccounting_hybrid_mvn_82.AppTest"/>
</testsuite> <!-- Stockaccounting_hybrid_mvn_82.Stockaccounting_hybrid_mvn_82.AppTest -->
